<?xml version="1.0" encoding="UTF-8"?>
<!-- Generated by org.testng.reporters.JUnitXMLReporter -->
<testsuite ignored="0" hostname="INP-PF3B0L19-LT" failures="0" tests="3" name="Test" time="1.855" errors="0" timestamp="2022-08-25T20:23:36 IST">
  <testcase classname="com.orangehr.tests.BaseTest" name="@BeforeMethod initDriver" time="1.471">
    <failure type="org.openqa.selenium.SessionNotCreatedException" message="session not created: This version of ChromeDriver only supports Chrome version 94
Current browser version is 104.0.5112.102 with binary path C:\Program Files\Google\Chrome\Application\chrome.exe
Build info: version: &amp;apos;3.141.59&amp;apos;, revision: &amp;apos;e82be7d358&amp;apos;, time: &amp;apos;2018-11-14T08:17:03&amp;apos;
System info: host: &amp;apos;INP-PF3B0L19-LT&amp;apos;, ip: &amp;apos;192.168.1.6&amp;apos;, os.name: &amp;apos;Windows 10&amp;apos;, os.arch: &amp;apos;amd64&amp;apos;, os.version: &amp;apos;10.0&amp;apos;, java.version: &amp;apos;17.0.4&amp;apos;
Driver info: driver.version: Driver
remote stacktrace: Backtrace:
	Ordinal0 [0x0117BDE3+2473443]
	Ordinal0 [0x01116661+2057825]
	Ordinal0 [0x01022438+1057848]
	Ordinal0 [0x0104054A+1181002]
	Ordinal0 [0x0103C435+1164341]
	Ordinal0 [0x01039CAF+1154223]
	Ordinal0 [0x01069ADF+1350367]
	Ordinal0 [0x0106974A+1349450]
	Ordinal0 [0x010655AB+1332651]
	Ordinal0 [0x01042104+1188100]
	Ordinal0 [0x01042F59+1191769]
	GetHandleVerifier [0x01302266+1549718]
	GetHandleVerifier [0x013AD4A7+2250711]
	GetHandleVerifier [0x0120718B+521403]
	GetHandleVerifier [0x01206229+517465]
	Ordinal0 [0x0111B79D+2078621]
	Ordinal0 [0x0111FB58+2095960]
	Ordinal0 [0x0111FC92+2096274]
	Ordinal0 [0x01129541+2135361]
	BaseThreadInitThunk [0x75D3FA29+25]
	RtlGetAppContainerNamedObjectPath [0x778E75F4+228]
	RtlGetAppContainerNamedObjectPath [0x778E75C4+180]
">
      <![CDATA[org.openqa.selenium.SessionNotCreatedException: session not created: This version of ChromeDriver only supports Chrome version 94
Current browser version is 104.0.5112.102 with binary path C:\Program Files\Google\Chrome\Application\chrome.exe
Build info: version: '3.141.59', revision: 'e82be7d358', time: '2018-11-14T08:17:03'
System info: host: 'INP-PF3B0L19-LT', ip: '192.168.1.6', os.name: 'Windows 10', os.arch: 'amd64', os.version: '10.0', java.version: '17.0.4'
Driver info: driver.version: Driver
remote stacktrace: Backtrace:
Ordinal0 [0x0117BDE3+2473443]
Ordinal0 [0x01116661+2057825]
Ordinal0 [0x01022438+1057848]
Ordinal0 [0x0104054A+1181002]
Ordinal0 [0x0103C435+1164341]
Ordinal0 [0x01039CAF+1154223]
Ordinal0 [0x01069ADF+1350367]
Ordinal0 [0x0106974A+1349450]
Ordinal0 [0x010655AB+1332651]
Ordinal0 [0x01042104+1188100]
Ordinal0 [0x01042F59+1191769]
GetHandleVerifier [0x01302266+1549718]
GetHandleVerifier [0x013AD4A7+2250711]
GetHandleVerifier [0x0120718B+521403]
GetHandleVerifier [0x01206229+517465]
Ordinal0 [0x0111B79D+2078621]
Ordinal0 [0x0111FB58+2095960]
Ordinal0 [0x0111FC92+2096274]
Ordinal0 [0x01129541+2135361]
BaseThreadInitThunk [0x75D3FA29+25]
RtlGetAppContainerNamedObjectPath [0x778E75F4+228]
RtlGetAppContainerNamedObjectPath [0x778E75C4+180]

at org.openqa.selenium.remote.W3CHandshakeResponse.lambda$errorHandler$0(W3CHandshakeResponse.java:62)
at org.openqa.selenium.remote.HandshakeResponse.lambda$getResponseFunction$0(HandshakeResponse.java:30)
at org.openqa.selenium.remote.ProtocolHandshake.lambda$createSession$0(ProtocolHandshake.java:126)
at java.base/java.util.stream.ReferencePipeline$3$1.accept(ReferencePipeline.java:197)
at java.base/java.util.Spliterators$ArraySpliterator.tryAdvance(Spliterators.java:1002)
at java.base/java.util.stream.ReferencePipeline.forEachWithCancel(ReferencePipeline.java:129)
at java.base/java.util.stream.AbstractPipeline.copyIntoWithCancel(AbstractPipeline.java:527)
at java.base/java.util.stream.AbstractPipeline.copyInto(AbstractPipeline.java:513)
at java.base/java.util.stream.AbstractPipeline.wrapAndCopyInto(AbstractPipeline.java:499)
at java.base/java.util.stream.FindOps$FindOp.evaluateSequential(FindOps.java:150)
at java.base/java.util.stream.AbstractPipeline.evaluate(AbstractPipeline.java:234)
at java.base/java.util.stream.ReferencePipeline.findFirst(ReferencePipeline.java:647)
at org.openqa.selenium.remote.ProtocolHandshake.createSession(ProtocolHandshake.java:128)
at org.openqa.selenium.remote.ProtocolHandshake.createSession(ProtocolHandshake.java:74)
at org.openqa.selenium.remote.HttpCommandExecutor.execute(HttpCommandExecutor.java:136)
at org.openqa.selenium.remote.service.DriverCommandExecutor.execute(DriverCommandExecutor.java:83)
at org.openqa.selenium.remote.RemoteWebDriver.execute(RemoteWebDriver.java:552)
at org.openqa.selenium.remote.RemoteWebDriver.startSession(RemoteWebDriver.java:213)
at org.openqa.selenium.remote.RemoteWebDriver.<init>(RemoteWebDriver.java:131)
at org.openqa.selenium.chrome.ChromeDriver.<init>(ChromeDriver.java:181)
at org.openqa.selenium.chrome.ChromeDriver.<init>(ChromeDriver.java:168)
at org.openqa.selenium.chrome.ChromeDriver.<init>(ChromeDriver.java:123)
at com.cwg.driver.Driver.getDriverInstance(Driver.java:17)
at com.cwg.driver.Driver.initDriver(Driver.java:31)
at com.orangehr.tests.BaseTest.initDriver(BaseTest.java:29)
at java.base/java.util.concurrent.ThreadPoolExecutor.runWorker(ThreadPoolExecutor.java:1136)
at java.base/java.util.concurrent.ThreadPoolExecutor$Worker.run(ThreadPoolExecutor.java:635)
at java.base/java.lang.Thread.run(Thread.java:833)
... Removed 21 stack frames]]>
    </failure>
  </testcase> <!-- @BeforeMethod initDriver -->
  <testcase classname="com.orangehr.tests.BaseTest" name="@BeforeMethod initDriver" time="1.47">
    <failure type="org.openqa.selenium.SessionNotCreatedException" message="session not created: This version of ChromeDriver only supports Chrome version 94
Current browser version is 104.0.5112.102 with binary path C:\Program Files\Google\Chrome\Application\chrome.exe
Build info: version: &amp;apos;3.141.59&amp;apos;, revision: &amp;apos;e82be7d358&amp;apos;, time: &amp;apos;2018-11-14T08:17:03&amp;apos;
System info: host: &amp;apos;INP-PF3B0L19-LT&amp;apos;, ip: &amp;apos;192.168.1.6&amp;apos;, os.name: &amp;apos;Windows 10&amp;apos;, os.arch: &amp;apos;amd64&amp;apos;, os.version: &amp;apos;10.0&amp;apos;, java.version: &amp;apos;17.0.4&amp;apos;
Driver info: driver.version: Driver
remote stacktrace: Backtrace:
	Ordinal0 [0x0117BDE3+2473443]
	Ordinal0 [0x01116661+2057825]
	Ordinal0 [0x01022438+1057848]
	Ordinal0 [0x0104054A+1181002]
	Ordinal0 [0x0103C435+1164341]
	Ordinal0 [0x01039CAF+1154223]
	Ordinal0 [0x01069ADF+1350367]
	Ordinal0 [0x0106974A+1349450]
	Ordinal0 [0x010655AB+1332651]
	Ordinal0 [0x01042104+1188100]
	Ordinal0 [0x01042F59+1191769]
	GetHandleVerifier [0x01302266+1549718]
	GetHandleVerifier [0x013AD4A7+2250711]
	GetHandleVerifier [0x0120718B+521403]
	GetHandleVerifier [0x01206229+517465]
	Ordinal0 [0x0111B79D+2078621]
	Ordinal0 [0x0111FB58+2095960]
	Ordinal0 [0x0111FC92+2096274]
	Ordinal0 [0x01129541+2135361]
	BaseThreadInitThunk [0x75D3FA29+25]
	RtlGetAppContainerNamedObjectPath [0x778E75F4+228]
	RtlGetAppContainerNamedObjectPath [0x778E75C4+180]
">
      <![CDATA[org.openqa.selenium.SessionNotCreatedException: session not created: This version of ChromeDriver only supports Chrome version 94
Current browser version is 104.0.5112.102 with binary path C:\Program Files\Google\Chrome\Application\chrome.exe
Build info: version: '3.141.59', revision: 'e82be7d358', time: '2018-11-14T08:17:03'
System info: host: 'INP-PF3B0L19-LT', ip: '192.168.1.6', os.name: 'Windows 10', os.arch: 'amd64', os.version: '10.0', java.version: '17.0.4'
Driver info: driver.version: Driver
remote stacktrace: Backtrace:
Ordinal0 [0x0117BDE3+2473443]
Ordinal0 [0x01116661+2057825]
Ordinal0 [0x01022438+1057848]
Ordinal0 [0x0104054A+1181002]
Ordinal0 [0x0103C435+1164341]
Ordinal0 [0x01039CAF+1154223]
Ordinal0 [0x01069ADF+1350367]
Ordinal0 [0x0106974A+1349450]
Ordinal0 [0x010655AB+1332651]
Ordinal0 [0x01042104+1188100]
Ordinal0 [0x01042F59+1191769]
GetHandleVerifier [0x01302266+1549718]
GetHandleVerifier [0x013AD4A7+2250711]
GetHandleVerifier [0x0120718B+521403]
GetHandleVerifier [0x01206229+517465]
Ordinal0 [0x0111B79D+2078621]
Ordinal0 [0x0111FB58+2095960]
Ordinal0 [0x0111FC92+2096274]
Ordinal0 [0x01129541+2135361]
BaseThreadInitThunk [0x75D3FA29+25]
RtlGetAppContainerNamedObjectPath [0x778E75F4+228]
RtlGetAppContainerNamedObjectPath [0x778E75C4+180]

at org.openqa.selenium.remote.W3CHandshakeResponse.lambda$errorHandler$0(W3CHandshakeResponse.java:62)
at org.openqa.selenium.remote.HandshakeResponse.lambda$getResponseFunction$0(HandshakeResponse.java:30)
at org.openqa.selenium.remote.ProtocolHandshake.lambda$createSession$0(ProtocolHandshake.java:126)
at java.base/java.util.stream.ReferencePipeline$3$1.accept(ReferencePipeline.java:197)
at java.base/java.util.Spliterators$ArraySpliterator.tryAdvance(Spliterators.java:1002)
at java.base/java.util.stream.ReferencePipeline.forEachWithCancel(ReferencePipeline.java:129)
at java.base/java.util.stream.AbstractPipeline.copyIntoWithCancel(AbstractPipeline.java:527)
at java.base/java.util.stream.AbstractPipeline.copyInto(AbstractPipeline.java:513)
at java.base/java.util.stream.AbstractPipeline.wrapAndCopyInto(AbstractPipeline.java:499)
at java.base/java.util.stream.FindOps$FindOp.evaluateSequential(FindOps.java:150)
at java.base/java.util.stream.AbstractPipeline.evaluate(AbstractPipeline.java:234)
at java.base/java.util.stream.ReferencePipeline.findFirst(ReferencePipeline.java:647)
at org.openqa.selenium.remote.ProtocolHandshake.createSession(ProtocolHandshake.java:128)
at org.openqa.selenium.remote.ProtocolHandshake.createSession(ProtocolHandshake.java:74)
at org.openqa.selenium.remote.HttpCommandExecutor.execute(HttpCommandExecutor.java:136)
at org.openqa.selenium.remote.service.DriverCommandExecutor.execute(DriverCommandExecutor.java:83)
at org.openqa.selenium.remote.RemoteWebDriver.execute(RemoteWebDriver.java:552)
at org.openqa.selenium.remote.RemoteWebDriver.startSession(RemoteWebDriver.java:213)
at org.openqa.selenium.remote.RemoteWebDriver.<init>(RemoteWebDriver.java:131)
at org.openqa.selenium.chrome.ChromeDriver.<init>(ChromeDriver.java:181)
at org.openqa.selenium.chrome.ChromeDriver.<init>(ChromeDriver.java:168)
at org.openqa.selenium.chrome.ChromeDriver.<init>(ChromeDriver.java:123)
at com.cwg.driver.Driver.getDriverInstance(Driver.java:17)
at com.cwg.driver.Driver.initDriver(Driver.java:31)
at com.orangehr.tests.BaseTest.initDriver(BaseTest.java:29)
at java.base/java.util.concurrent.ThreadPoolExecutor.runWorker(ThreadPoolExecutor.java:1136)
at java.base/java.util.concurrent.ThreadPoolExecutor$Worker.run(ThreadPoolExecutor.java:635)
at java.base/java.lang.Thread.run(Thread.java:833)
... Removed 21 stack frames]]>
    </failure>
  </testcase> <!-- @BeforeMethod initDriver -->
  <testcase classname="com.orangehr.tests.BaseTest" name="@AfterMethod quitDriver" time="-1.661439216131E9">
    <skipped/>
  </testcase> <!-- @AfterMethod quitDriver -->
  <testcase classname="com.orangehr.tests.BaseTest" name="@AfterMethod quitDriver" time="-1.661439216131E9">
    <skipped/>
  </testcase> <!-- @AfterMethod quitDriver -->
  <testcase classname="com.orangehr.tests.BaseTest" name="@BeforeMethod initDriver" time="-1.661439216132E9">
    <skipped/>
  </testcase> <!-- @BeforeMethod initDriver -->
  <testcase classname="com.orangehr.tests.BaseTest" name="@AfterMethod quitDriver" time="-1.661439216134E9">
    <skipped/>
  </testcase> <!-- @AfterMethod quitDriver -->
  <testcase classname="com.orangehr.tests.TestDemo" name="test01" time="0.0">
    <skipped/>
  </testcase> <!-- test01 -->
  <testcase classname="com.orangehr.tests.TestDemo" name="test02" time="0.0">
    <skipped/>
  </testcase> <!-- test02 -->
  <testcase classname="com.orangehr.tests.TestDemo" name="test01" time="0.0">
    <skipped/>
  </testcase> <!-- test01 -->
</testsuite> <!-- Test -->
