<?xml version="1.0" encoding="UTF-8"?>
<testng-results ignored="1" total="2" passed="0" failed="0" skipped="1">
  <reporter-output>
  </reporter-output>
  <suite started-at="2022-08-26T23:18:21 IST" name="Default suite" finished-at="2022-08-26T23:18:24 IST" duration-ms="3286">
    <groups>
    </groups>
    <test started-at="2022-08-26T23:18:21 IST" name="Default test" finished-at="2022-08-26T23:18:24 IST" duration-ms="3286">
      <class name="com.orangehr.tests.TestDemo">
        <test-method is-config="true" signature="setUp()[pri:0, instance:com.orangehr.tests.TestDemo@16610890]" started-at="2022-08-26T23:18:20 IST" name="setUp" finished-at="2022-08-26T23:18:21 IST" duration-ms="515" status="PASS">
          <reporter-output>
          </reporter-output>
        </test-method> <!-- setUp -->
        <test-method is-config="true" signature="initDriver(java.lang.reflect.Method)[pri:0, instance:com.orangehr.tests.TestDemo@16610890]" started-at="2022-08-26T23:18:22 IST" name="initDriver" finished-at="2022-08-26T23:18:24 IST" duration-ms="2005" status="FAIL">
          <params>
            <param index="0">
              <value>
                <![CDATA[public void com.orangehr.tests.TestDemo.test02(java.util.Map) throws java.lang.Exception]]>
              </value>
            </param>
          </params>
          <exception class="org.openqa.selenium.SessionNotCreatedException">
            <message>
              <![CDATA[session not created: This version of ChromeDriver only supports Chrome version 94
Current browser version is 104.0.5112.102 with binary path C:\Program Files\Google\Chrome\Application\chrome.exe
Build info: version: '3.141.59', revision: 'e82be7d358', time: '2018-11-14T08:17:03'
System info: host: 'INP-PF3B0L19-LT', ip: '192.168.1.6', os.name: 'Windows 10', os.arch: 'amd64', os.version: '10.0', java.version: '17.0.4'
Driver info: driver.version: Driver
remote stacktrace: Backtrace:
Ordinal0 [0x0117BDE3+2473443]
Ordinal0 [0x01116661+2057825]
Ordinal0 [0x01022438+1057848]
Ordinal0 [0x0104054A+1181002]
Ordinal0 [0x0103C435+1164341]
Ordinal0 [0x01039CAF+1154223]
Ordinal0 [0x01069ADF+1350367]
Ordinal0 [0x0106974A+1349450]
Ordinal0 [0x010655AB+1332651]
Ordinal0 [0x01042104+1188100]
Ordinal0 [0x01042F59+1191769]
GetHandleVerifier [0x01302266+1549718]
GetHandleVerifier [0x013AD4A7+2250711]
GetHandleVerifier [0x0120718B+521403]
GetHandleVerifier [0x01206229+517465]
Ordinal0 [0x0111B79D+2078621]
Ordinal0 [0x0111FB58+2095960]
Ordinal0 [0x0111FC92+2096274]
Ordinal0 [0x01129541+2135361]
BaseThreadInitThunk [0x75D3FA29+25]
RtlGetAppContainerNamedObjectPath [0x778E75F4+228]
RtlGetAppContainerNamedObjectPath [0x778E75C4+180]
]]>
            </message>
            <full-stacktrace>
              <![CDATA[org.openqa.selenium.SessionNotCreatedException: session not created: This version of ChromeDriver only supports Chrome version 94
Current browser version is 104.0.5112.102 with binary path C:\Program Files\Google\Chrome\Application\chrome.exe
Build info: version: '3.141.59', revision: 'e82be7d358', time: '2018-11-14T08:17:03'
System info: host: 'INP-PF3B0L19-LT', ip: '192.168.1.6', os.name: 'Windows 10', os.arch: 'amd64', os.version: '10.0', java.version: '17.0.4'
Driver info: driver.version: Driver
remote stacktrace: Backtrace:
Ordinal0 [0x0117BDE3+2473443]
Ordinal0 [0x01116661+2057825]
Ordinal0 [0x01022438+1057848]
Ordinal0 [0x0104054A+1181002]
Ordinal0 [0x0103C435+1164341]
Ordinal0 [0x01039CAF+1154223]
Ordinal0 [0x01069ADF+1350367]
Ordinal0 [0x0106974A+1349450]
Ordinal0 [0x010655AB+1332651]
Ordinal0 [0x01042104+1188100]
Ordinal0 [0x01042F59+1191769]
GetHandleVerifier [0x01302266+1549718]
GetHandleVerifier [0x013AD4A7+2250711]
GetHandleVerifier [0x0120718B+521403]
GetHandleVerifier [0x01206229+517465]
Ordinal0 [0x0111B79D+2078621]
Ordinal0 [0x0111FB58+2095960]
Ordinal0 [0x0111FC92+2096274]
Ordinal0 [0x01129541+2135361]
BaseThreadInitThunk [0x75D3FA29+25]
RtlGetAppContainerNamedObjectPath [0x778E75F4+228]
RtlGetAppContainerNamedObjectPath [0x778E75C4+180]

at java.base/jdk.internal.reflect.NativeConstructorAccessorImpl.newInstance0(Native Method)
at java.base/jdk.internal.reflect.NativeConstructorAccessorImpl.newInstance(NativeConstructorAccessorImpl.java:77)
at java.base/jdk.internal.reflect.DelegatingConstructorAccessorImpl.newInstance(DelegatingConstructorAccessorImpl.java:45)
at java.base/java.lang.reflect.Constructor.newInstanceWithCaller(Constructor.java:499)
at java.base/java.lang.reflect.Constructor.newInstance(Constructor.java:480)
at org.openqa.selenium.remote.W3CHandshakeResponse.lambda$errorHandler$0(W3CHandshakeResponse.java:62)
at org.openqa.selenium.remote.HandshakeResponse.lambda$getResponseFunction$0(HandshakeResponse.java:30)
at org.openqa.selenium.remote.ProtocolHandshake.lambda$createSession$0(ProtocolHandshake.java:126)
at java.base/java.util.stream.ReferencePipeline$3$1.accept(ReferencePipeline.java:197)
at java.base/java.util.Spliterators$ArraySpliterator.tryAdvance(Spliterators.java:1002)
at java.base/java.util.stream.ReferencePipeline.forEachWithCancel(ReferencePipeline.java:129)
at java.base/java.util.stream.AbstractPipeline.copyIntoWithCancel(AbstractPipeline.java:527)
at java.base/java.util.stream.AbstractPipeline.copyInto(AbstractPipeline.java:513)
at java.base/java.util.stream.AbstractPipeline.wrapAndCopyInto(AbstractPipeline.java:499)
at java.base/java.util.stream.FindOps$FindOp.evaluateSequential(FindOps.java:150)
at java.base/java.util.stream.AbstractPipeline.evaluate(AbstractPipeline.java:234)
at java.base/java.util.stream.ReferencePipeline.findFirst(ReferencePipeline.java:647)
at org.openqa.selenium.remote.ProtocolHandshake.createSession(ProtocolHandshake.java:128)
at org.openqa.selenium.remote.ProtocolHandshake.createSession(ProtocolHandshake.java:74)
at org.openqa.selenium.remote.HttpCommandExecutor.execute(HttpCommandExecutor.java:136)
at org.openqa.selenium.remote.service.DriverCommandExecutor.execute(DriverCommandExecutor.java:83)
at org.openqa.selenium.remote.RemoteWebDriver.execute(RemoteWebDriver.java:552)
at org.openqa.selenium.remote.RemoteWebDriver.startSession(RemoteWebDriver.java:213)
at org.openqa.selenium.remote.RemoteWebDriver.<init>(RemoteWebDriver.java:131)
at org.openqa.selenium.chrome.ChromeDriver.<init>(ChromeDriver.java:181)
at org.openqa.selenium.chrome.ChromeDriver.<init>(ChromeDriver.java:168)
at org.openqa.selenium.chrome.ChromeDriver.<init>(ChromeDriver.java:123)
at com.cwg.driver.Driver.getDriverInstance(Driver.java:17)
at com.cwg.driver.Driver.initDriver(Driver.java:31)
at com.orangehr.tests.BaseTest.initDriver(BaseTest.java:29)
at java.base/jdk.internal.reflect.NativeMethodAccessorImpl.invoke0(Native Method)
at java.base/jdk.internal.reflect.NativeMethodAccessorImpl.invoke(NativeMethodAccessorImpl.java:77)
at java.base/jdk.internal.reflect.DelegatingMethodAccessorImpl.invoke(DelegatingMethodAccessorImpl.java:43)
at java.base/java.lang.reflect.Method.invoke(Method.java:568)
at org.testng.internal.MethodInvocationHelper.invokeMethod(MethodInvocationHelper.java:133)
at org.testng.internal.MethodInvocationHelper.invokeMethodConsideringTimeout(MethodInvocationHelper.java:62)
at org.testng.internal.ConfigInvoker.invokeConfigurationMethod(ConfigInvoker.java:385)
at org.testng.internal.ConfigInvoker.invokeConfigurations(ConfigInvoker.java:321)
at org.testng.internal.TestInvoker.runConfigMethods(TestInvoker.java:700)
at org.testng.internal.TestInvoker.invokeMethod(TestInvoker.java:527)
at org.testng.internal.TestInvoker.invokeTestMethod(TestInvoker.java:173)
at org.testng.internal.MethodRunner.runInSequence(MethodRunner.java:46)
at org.testng.internal.TestInvoker$MethodInvocationAgent.invoke(TestInvoker.java:824)
at org.testng.internal.TestInvoker.invokeTestMethods(TestInvoker.java:146)
at org.testng.internal.TestMethodWorker.invokeTestMethods(TestMethodWorker.java:146)
at org.testng.internal.TestMethodWorker.run(TestMethodWorker.java:128)
at java.base/java.util.ArrayList.forEach(ArrayList.java:1511)
at org.testng.TestRunner.privateRun(TestRunner.java:794)
at org.testng.TestRunner.run(TestRunner.java:596)
at org.testng.SuiteRunner.runTest(SuiteRunner.java:377)
at org.testng.SuiteRunner.runSequentially(SuiteRunner.java:371)
at org.testng.SuiteRunner.privateRun(SuiteRunner.java:332)
at org.testng.SuiteRunner.run(SuiteRunner.java:276)
at org.testng.SuiteRunnerWorker.runSuite(SuiteRunnerWorker.java:53)
at org.testng.SuiteRunnerWorker.run(SuiteRunnerWorker.java:96)
at org.testng.TestNG.runSuitesSequentially(TestNG.java:1212)
at org.testng.TestNG.runSuitesLocally(TestNG.java:1134)
at org.testng.TestNG.runSuites(TestNG.java:1063)
at org.testng.TestNG.run(TestNG.java:1031)
at org.testng.remote.AbstractRemoteTestNG.run(AbstractRemoteTestNG.java:115)
at org.testng.remote.RemoteTestNG.initAndRun(RemoteTestNG.java:251)
at org.testng.remote.RemoteTestNG.main(RemoteTestNG.java:77)
]]>
            </full-stacktrace>
          </exception> <!-- org.openqa.selenium.SessionNotCreatedException -->
          <reporter-output>
          </reporter-output>
        </test-method> <!-- initDriver -->
        <test-method signature="test02(java.util.Map)[pri:0, instance:com.orangehr.tests.TestDemo@16610890]" started-at="2022-08-26T23:18:24 IST" name="test02" data-provider="dataProvider" finished-at="2022-08-26T23:18:24 IST" duration-ms="0" status="SKIP">
          <params>
            <param index="0">
              <value>
                <![CDATA[{TestData=Username=TestUser, Execute=Yes, TestCaseName=test02}]]>
              </value>
            </param>
          </params>
          <exception class="org.openqa.selenium.SessionNotCreatedException">
            <message>
              <![CDATA[session not created: This version of ChromeDriver only supports Chrome version 94
Current browser version is 104.0.5112.102 with binary path C:\Program Files\Google\Chrome\Application\chrome.exe
Build info: version: '3.141.59', revision: 'e82be7d358', time: '2018-11-14T08:17:03'
System info: host: 'INP-PF3B0L19-LT', ip: '192.168.1.6', os.name: 'Windows 10', os.arch: 'amd64', os.version: '10.0', java.version: '17.0.4'
Driver info: driver.version: Driver
remote stacktrace: Backtrace:
Ordinal0 [0x0117BDE3+2473443]
Ordinal0 [0x01116661+2057825]
Ordinal0 [0x01022438+1057848]
Ordinal0 [0x0104054A+1181002]
Ordinal0 [0x0103C435+1164341]
Ordinal0 [0x01039CAF+1154223]
Ordinal0 [0x01069ADF+1350367]
Ordinal0 [0x0106974A+1349450]
Ordinal0 [0x010655AB+1332651]
Ordinal0 [0x01042104+1188100]
Ordinal0 [0x01042F59+1191769]
GetHandleVerifier [0x01302266+1549718]
GetHandleVerifier [0x013AD4A7+2250711]
GetHandleVerifier [0x0120718B+521403]
GetHandleVerifier [0x01206229+517465]
Ordinal0 [0x0111B79D+2078621]
Ordinal0 [0x0111FB58+2095960]
Ordinal0 [0x0111FC92+2096274]
Ordinal0 [0x01129541+2135361]
BaseThreadInitThunk [0x75D3FA29+25]
RtlGetAppContainerNamedObjectPath [0x778E75F4+228]
RtlGetAppContainerNamedObjectPath [0x778E75C4+180]
]]>
            </message>
            <full-stacktrace>
              <![CDATA[org.openqa.selenium.SessionNotCreatedException: session not created: This version of ChromeDriver only supports Chrome version 94
Current browser version is 104.0.5112.102 with binary path C:\Program Files\Google\Chrome\Application\chrome.exe
Build info: version: '3.141.59', revision: 'e82be7d358', time: '2018-11-14T08:17:03'
System info: host: 'INP-PF3B0L19-LT', ip: '192.168.1.6', os.name: 'Windows 10', os.arch: 'amd64', os.version: '10.0', java.version: '17.0.4'
Driver info: driver.version: Driver
remote stacktrace: Backtrace:
Ordinal0 [0x0117BDE3+2473443]
Ordinal0 [0x01116661+2057825]
Ordinal0 [0x01022438+1057848]
Ordinal0 [0x0104054A+1181002]
Ordinal0 [0x0103C435+1164341]
Ordinal0 [0x01039CAF+1154223]
Ordinal0 [0x01069ADF+1350367]
Ordinal0 [0x0106974A+1349450]
Ordinal0 [0x010655AB+1332651]
Ordinal0 [0x01042104+1188100]
Ordinal0 [0x01042F59+1191769]
GetHandleVerifier [0x01302266+1549718]
GetHandleVerifier [0x013AD4A7+2250711]
GetHandleVerifier [0x0120718B+521403]
GetHandleVerifier [0x01206229+517465]
Ordinal0 [0x0111B79D+2078621]
Ordinal0 [0x0111FB58+2095960]
Ordinal0 [0x0111FC92+2096274]
Ordinal0 [0x01129541+2135361]
BaseThreadInitThunk [0x75D3FA29+25]
RtlGetAppContainerNamedObjectPath [0x778E75F4+228]
RtlGetAppContainerNamedObjectPath [0x778E75C4+180]

at java.base/jdk.internal.reflect.NativeConstructorAccessorImpl.newInstance0(Native Method)
at java.base/jdk.internal.reflect.NativeConstructorAccessorImpl.newInstance(NativeConstructorAccessorImpl.java:77)
at java.base/jdk.internal.reflect.DelegatingConstructorAccessorImpl.newInstance(DelegatingConstructorAccessorImpl.java:45)
at java.base/java.lang.reflect.Constructor.newInstanceWithCaller(Constructor.java:499)
at java.base/java.lang.reflect.Constructor.newInstance(Constructor.java:480)
at org.openqa.selenium.remote.W3CHandshakeResponse.lambda$errorHandler$0(W3CHandshakeResponse.java:62)
at org.openqa.selenium.remote.HandshakeResponse.lambda$getResponseFunction$0(HandshakeResponse.java:30)
at org.openqa.selenium.remote.ProtocolHandshake.lambda$createSession$0(ProtocolHandshake.java:126)
at java.base/java.util.stream.ReferencePipeline$3$1.accept(ReferencePipeline.java:197)
at java.base/java.util.Spliterators$ArraySpliterator.tryAdvance(Spliterators.java:1002)
at java.base/java.util.stream.ReferencePipeline.forEachWithCancel(ReferencePipeline.java:129)
at java.base/java.util.stream.AbstractPipeline.copyIntoWithCancel(AbstractPipeline.java:527)
at java.base/java.util.stream.AbstractPipeline.copyInto(AbstractPipeline.java:513)
at java.base/java.util.stream.AbstractPipeline.wrapAndCopyInto(AbstractPipeline.java:499)
at java.base/java.util.stream.FindOps$FindOp.evaluateSequential(FindOps.java:150)
at java.base/java.util.stream.AbstractPipeline.evaluate(AbstractPipeline.java:234)
at java.base/java.util.stream.ReferencePipeline.findFirst(ReferencePipeline.java:647)
at org.openqa.selenium.remote.ProtocolHandshake.createSession(ProtocolHandshake.java:128)
at org.openqa.selenium.remote.ProtocolHandshake.createSession(ProtocolHandshake.java:74)
at org.openqa.selenium.remote.HttpCommandExecutor.execute(HttpCommandExecutor.java:136)
at org.openqa.selenium.remote.service.DriverCommandExecutor.execute(DriverCommandExecutor.java:83)
at org.openqa.selenium.remote.RemoteWebDriver.execute(RemoteWebDriver.java:552)
at org.openqa.selenium.remote.RemoteWebDriver.startSession(RemoteWebDriver.java:213)
at org.openqa.selenium.remote.RemoteWebDriver.<init>(RemoteWebDriver.java:131)
at org.openqa.selenium.chrome.ChromeDriver.<init>(ChromeDriver.java:181)
at org.openqa.selenium.chrome.ChromeDriver.<init>(ChromeDriver.java:168)
at org.openqa.selenium.chrome.ChromeDriver.<init>(ChromeDriver.java:123)
at com.cwg.driver.Driver.getDriverInstance(Driver.java:17)
at com.cwg.driver.Driver.initDriver(Driver.java:31)
at com.orangehr.tests.BaseTest.initDriver(BaseTest.java:29)
at java.base/jdk.internal.reflect.NativeMethodAccessorImpl.invoke0(Native Method)
at java.base/jdk.internal.reflect.NativeMethodAccessorImpl.invoke(NativeMethodAccessorImpl.java:77)
at java.base/jdk.internal.reflect.DelegatingMethodAccessorImpl.invoke(DelegatingMethodAccessorImpl.java:43)
at java.base/java.lang.reflect.Method.invoke(Method.java:568)
at org.testng.internal.MethodInvocationHelper.invokeMethod(MethodInvocationHelper.java:133)
at org.testng.internal.MethodInvocationHelper.invokeMethodConsideringTimeout(MethodInvocationHelper.java:62)
at org.testng.internal.ConfigInvoker.invokeConfigurationMethod(ConfigInvoker.java:385)
at org.testng.internal.ConfigInvoker.invokeConfigurations(ConfigInvoker.java:321)
at org.testng.internal.TestInvoker.runConfigMethods(TestInvoker.java:700)
at org.testng.internal.TestInvoker.invokeMethod(TestInvoker.java:527)
at org.testng.internal.TestInvoker.invokeTestMethod(TestInvoker.java:173)
at org.testng.internal.MethodRunner.runInSequence(MethodRunner.java:46)
at org.testng.internal.TestInvoker$MethodInvocationAgent.invoke(TestInvoker.java:824)
at org.testng.internal.TestInvoker.invokeTestMethods(TestInvoker.java:146)
at org.testng.internal.TestMethodWorker.invokeTestMethods(TestMethodWorker.java:146)
at org.testng.internal.TestMethodWorker.run(TestMethodWorker.java:128)
at java.base/java.util.ArrayList.forEach(ArrayList.java:1511)
at org.testng.TestRunner.privateRun(TestRunner.java:794)
at org.testng.TestRunner.run(TestRunner.java:596)
at org.testng.SuiteRunner.runTest(SuiteRunner.java:377)
at org.testng.SuiteRunner.runSequentially(SuiteRunner.java:371)
at org.testng.SuiteRunner.privateRun(SuiteRunner.java:332)
at org.testng.SuiteRunner.run(SuiteRunner.java:276)
at org.testng.SuiteRunnerWorker.runSuite(SuiteRunnerWorker.java:53)
at org.testng.SuiteRunnerWorker.run(SuiteRunnerWorker.java:96)
at org.testng.TestNG.runSuitesSequentially(TestNG.java:1212)
at org.testng.TestNG.runSuitesLocally(TestNG.java:1134)
at org.testng.TestNG.runSuites(TestNG.java:1063)
at org.testng.TestNG.run(TestNG.java:1031)
at org.testng.remote.AbstractRemoteTestNG.run(AbstractRemoteTestNG.java:115)
at org.testng.remote.RemoteTestNG.initAndRun(RemoteTestNG.java:251)
at org.testng.remote.RemoteTestNG.main(RemoteTestNG.java:77)
]]>
            </full-stacktrace>
          </exception> <!-- org.openqa.selenium.SessionNotCreatedException -->
          <reporter-output>
          </reporter-output>
        </test-method> <!-- test02 -->
        <test-method is-config="true" signature="quitDriver(org.testng.ITestResult)[pri:0, instance:com.orangehr.tests.TestDemo@16610890]" started-at="2022-08-26T23:18:24 IST" name="quitDriver" finished-at="1970-01-01T05:30:00 IST" duration-ms="-1661536104645" status="SKIP">
          <reporter-output>
          </reporter-output>
        </test-method> <!-- quitDriver -->
        <test-method is-config="true" signature="tearDown()[pri:0, instance:com.orangehr.tests.TestDemo@16610890]" started-at="2022-08-26T23:18:24 IST" name="tearDown" finished-at="2022-08-26T23:18:25 IST" duration-ms="376" status="PASS">
          <reporter-output>
          </reporter-output>
        </test-method> <!-- tearDown -->
      </class> <!-- com.orangehr.tests.TestDemo -->
    </test> <!-- Default test -->
  </suite> <!-- Default suite -->
</testng-results>
